<?xml version="1.0" encoding="UTF-8"?>
<!-- Generated by org.testng.reporters.JUnitXMLReporter -->
<testsuite ignored="2" hostname="DESKTOP-LOTSCU6" failures="0" tests="1" name="Test" time="91.37" errors="0" timestamp="2024-08-09T23:19:23 IST">
  <testcase classname="AmazonTestCases.TestCases" name="TC03" time="76.524"/>
  <testcase classname="AmazonTestCases.TestCases" name="TC01" time="0.0">
    <ignored/>
  </testcase> <!-- TC01 -->
  <testcase classname="AmazonTestCases.TestCases" name="TC02" time="0.0">
    <ignored/>
  </testcase> <!-- TC02 -->
</testsuite> <!-- Test -->
