<?xml version="1.0" encoding="UTF-8"?>
<testng-results ignored="0" total="1" passed="1" failed="0" skipped="0">
  <reporter-output>
  </reporter-output>
  <suite started-at="2024-08-09T22:23:58 IST" name="Suite" finished-at="2024-08-09T22:26:20 IST" duration-ms="141866">
    <groups>
    </groups>
    <test started-at="2024-08-09T22:23:58 IST" name="Test" finished-at="2024-08-09T22:26:20 IST" duration-ms="141866">
      <class name="AmazonTestCases.TestCases">
        <test-method is-config="true" signature="initilization()[pri:0, instance:AmazonTestCases.TestCases@54422e18]" started-at="2024-08-09T22:23:58 IST" name="initilization" finished-at="2024-08-09T22:24:46 IST" duration-ms="47917" status="PASS">
          <reporter-output>
          </reporter-output>
        </test-method> <!-- initilization -->
        <test-method signature="TC03()[pri:0, instance:AmazonTestCases.TestCases@54422e18]" started-at="2024-08-09T22:24:46 IST" name="TC03" finished-at="2024-08-09T22:26:20 IST" duration-ms="93817" status="PASS">
          <reporter-output>
          </reporter-output>
        </test-method> <!-- TC03 -->
      </class> <!-- AmazonTestCases.TestCases -->
    </test> <!-- Test -->
  </suite> <!-- Suite -->
</testng-results>
